ARM GAS  C:\Users\Asus\AppData\Local\Temp\ccFqQ1Ef.s 			page 1


   1              		.cpu cortex-m4
   2              		.arch armv7e-m
   3              		.fpu fpv4-sp-d16
   4              		.eabi_attribute 27, 1
   5              		.eabi_attribute 28, 1
   6              		.eabi_attribute 20, 1
   7              		.eabi_attribute 21, 1
   8              		.eabi_attribute 23, 3
   9              		.eabi_attribute 24, 1
  10              		.eabi_attribute 25, 1
  11              		.eabi_attribute 26, 1
  12              		.eabi_attribute 30, 1
  13              		.eabi_attribute 34, 1
  14              		.eabi_attribute 18, 4
  15              		.file	"interrupt.c"
  16              		.text
  17              	.Ltext0:
  18              		.cfi_sections	.debug_frame
  19              		.file 1 "Core/Src/interrupt.c"
  20              		.section	.text.SysTick_Handler,"ax",%progbits
  21              		.align	1
  22              		.global	SysTick_Handler
  23              		.syntax unified
  24              		.thumb
  25              		.thumb_func
  27              	SysTick_Handler:
  28              	.LFB130:
   1:Core/Src/interrupt.c **** #include "interrupt.h"
   2:Core/Src/interrupt.c **** 
   3:Core/Src/interrupt.c **** // extern uint16_t GlobalTickCount, MotorTickCount; // extern - обозначает, что пер
   4:Core/Src/interrupt.c **** extern uint8_t BtnNum, TIMCount;
   5:Core/Src/interrupt.c **** uint16_t TickDelayCount, test2;
   6:Core/Src/interrupt.c **** uint8_t FLAG_Delay;
   7:Core/Src/interrupt.c **** 
   8:Core/Src/interrupt.c **** void SysTick_Handler(void)
   9:Core/Src/interrupt.c **** {
  29              		.loc 1 9 1 view -0
  30              		.cfi_startproc
  31              		@ args = 0, pretend = 0, frame = 0
  32              		@ frame_needed = 0, uses_anonymous_args = 0
  33              		@ link register save eliminated.
  10:Core/Src/interrupt.c ****     // TickDelayCount++;
  11:Core/Src/interrupt.c ****     GlobalTickCount++;
  34              		.loc 1 11 5 view .LVU1
  35              		.loc 1 11 20 is_stmt 0 view .LVU2
  36 0000 074A     		ldr	r2, .L3
  37 0002 1388     		ldrh	r3, [r2]
  38 0004 0133     		adds	r3, r3, #1
  39 0006 1380     		strh	r3, [r2]	@ movhi
  12:Core/Src/interrupt.c ****     if (FLAG_Delay) TickDelayCount++;
  40              		.loc 1 12 5 is_stmt 1 view .LVU3
  41              		.loc 1 12 9 is_stmt 0 view .LVU4
  42 0008 064B     		ldr	r3, .L3+4
  43 000a 1B78     		ldrb	r3, [r3]	@ zero_extendqisi2
  44              		.loc 1 12 8 view .LVU5
  45 000c 1BB1     		cbz	r3, .L2
  46              		.loc 1 12 21 is_stmt 1 discriminator 1 view .LVU6
ARM GAS  C:\Users\Asus\AppData\Local\Temp\ccFqQ1Ef.s 			page 2


  47              		.loc 1 12 35 is_stmt 0 discriminator 1 view .LVU7
  48 000e 064A     		ldr	r2, .L3+8
  49 0010 1388     		ldrh	r3, [r2]
  50 0012 0133     		adds	r3, r3, #1
  51 0014 1380     		strh	r3, [r2]	@ movhi
  52              	.L2:
  13:Core/Src/interrupt.c ****     test2 = TIM3->ARR;
  53              		.loc 1 13 5 is_stmt 1 view .LVU8
  54              		.loc 1 13 17 is_stmt 0 view .LVU9
  55 0016 054B     		ldr	r3, .L3+12
  56 0018 DA6A     		ldr	r2, [r3, #44]
  57              		.loc 1 13 11 view .LVU10
  58 001a 054B     		ldr	r3, .L3+16
  59 001c 1A80     		strh	r2, [r3]	@ movhi
  14:Core/Src/interrupt.c **** }
  60              		.loc 1 14 1 view .LVU11
  61 001e 7047     		bx	lr
  62              	.L4:
  63              		.align	2
  64              	.L3:
  65 0020 00000000 		.word	GlobalTickCount
  66 0024 00000000 		.word	FLAG_Delay
  67 0028 00000000 		.word	TickDelayCount
  68 002c 00040040 		.word	1073742848
  69 0030 00000000 		.word	test2
  70              		.cfi_endproc
  71              	.LFE130:
  73              		.section	.text.delay,"ax",%progbits
  74              		.align	1
  75              		.global	delay
  76              		.syntax unified
  77              		.thumb
  78              		.thumb_func
  80              	delay:
  81              	.LVL0:
  82              	.LFB131:
  15:Core/Src/interrupt.c **** 
  16:Core/Src/interrupt.c **** void delay(int del){
  83              		.loc 1 16 20 is_stmt 1 view -0
  84              		.cfi_startproc
  85              		@ args = 0, pretend = 0, frame = 0
  86              		@ frame_needed = 0, uses_anonymous_args = 0
  87              		@ link register save eliminated.
  17:Core/Src/interrupt.c ****     FLAG_Delay = 1;
  88              		.loc 1 17 5 view .LVU13
  89              		.loc 1 17 16 is_stmt 0 view .LVU14
  90 0000 064B     		ldr	r3, .L7
  91 0002 0122     		movs	r2, #1
  92 0004 1A70     		strb	r2, [r3]
  18:Core/Src/interrupt.c ****     while(TickDelayCount < del){}
  93              		.loc 1 18 5 is_stmt 1 view .LVU15
  94              	.L6:
  95              		.loc 1 18 33 discriminator 1 view .LVU16
  96              		.loc 1 18 26 discriminator 1 view .LVU17
  97 0006 064B     		ldr	r3, .L7+4
  98 0008 1B88     		ldrh	r3, [r3]
  99 000a 8342     		cmp	r3, r0
ARM GAS  C:\Users\Asus\AppData\Local\Temp\ccFqQ1Ef.s 			page 3


 100 000c FBDB     		blt	.L6
  19:Core/Src/interrupt.c ****     TickDelayCount = 0;
 101              		.loc 1 19 5 view .LVU18
 102              		.loc 1 19 20 is_stmt 0 view .LVU19
 103 000e 0023     		movs	r3, #0
 104 0010 034A     		ldr	r2, .L7+4
 105 0012 1380     		strh	r3, [r2]	@ movhi
  20:Core/Src/interrupt.c ****     FLAG_Delay = 0;
 106              		.loc 1 20 5 is_stmt 1 view .LVU20
 107              		.loc 1 20 16 is_stmt 0 view .LVU21
 108 0014 014A     		ldr	r2, .L7
 109 0016 1370     		strb	r3, [r2]
  21:Core/Src/interrupt.c **** }
 110              		.loc 1 21 1 view .LVU22
 111 0018 7047     		bx	lr
 112              	.L8:
 113 001a 00BF     		.align	2
 114              	.L7:
 115 001c 00000000 		.word	FLAG_Delay
 116 0020 00000000 		.word	TickDelayCount
 117              		.cfi_endproc
 118              	.LFE131:
 120              		.section	.text.EXTI15_10_IRQHandler,"ax",%progbits
 121              		.align	1
 122              		.global	EXTI15_10_IRQHandler
 123              		.syntax unified
 124              		.thumb
 125              		.thumb_func
 127              	EXTI15_10_IRQHandler:
 128              	.LFB132:
  22:Core/Src/interrupt.c **** 
  23:Core/Src/interrupt.c **** void EXTI15_10_IRQHandler(void)
  24:Core/Src/interrupt.c **** {
 129              		.loc 1 24 1 is_stmt 1 view -0
 130              		.cfi_startproc
 131              		@ args = 0, pretend = 0, frame = 0
 132              		@ frame_needed = 0, uses_anonymous_args = 0
 133              		@ link register save eliminated.
  25:Core/Src/interrupt.c **** 
  26:Core/Src/interrupt.c ****     SET_BIT(EXTI->PR, EXTI_PR_PR13);
 134              		.loc 1 26 5 view .LVU24
 135 0000 094A     		ldr	r2, .L11
 136 0002 5369     		ldr	r3, [r2, #20]
 137 0004 43F40053 		orr	r3, r3, #8192
 138 0008 5361     		str	r3, [r2, #20]
  27:Core/Src/interrupt.c **** 
  28:Core/Src/interrupt.c ****     if (TickDelayCount > 100)
 139              		.loc 1 28 5 view .LVU25
 140              		.loc 1 28 24 is_stmt 0 view .LVU26
 141 000a 084B     		ldr	r3, .L11+4
 142 000c 1B88     		ldrh	r3, [r3]
 143              		.loc 1 28 8 view .LVU27
 144 000e 642B     		cmp	r3, #100
 145 0010 09D9     		bls	.L9
  29:Core/Src/interrupt.c ****     {
  30:Core/Src/interrupt.c ****         BtnNum++;
 146              		.loc 1 30 9 is_stmt 1 view .LVU28
ARM GAS  C:\Users\Asus\AppData\Local\Temp\ccFqQ1Ef.s 			page 4


 147              		.loc 1 30 15 is_stmt 0 view .LVU29
 148 0012 074A     		ldr	r2, .L11+8
 149 0014 1378     		ldrb	r3, [r2]	@ zero_extendqisi2
 150 0016 0133     		adds	r3, r3, #1
 151 0018 DBB2     		uxtb	r3, r3
 152 001a 1370     		strb	r3, [r2]
  31:Core/Src/interrupt.c ****         if (BtnNum >= 5) BtnNum = 0;
 153              		.loc 1 31 9 is_stmt 1 view .LVU30
 154              		.loc 1 31 12 is_stmt 0 view .LVU31
 155 001c 042B     		cmp	r3, #4
 156 001e 02D9     		bls	.L9
 157              		.loc 1 31 26 is_stmt 1 discriminator 1 view .LVU32
 158              		.loc 1 31 33 is_stmt 0 discriminator 1 view .LVU33
 159 0020 1346     		mov	r3, r2
 160 0022 0022     		movs	r2, #0
 161 0024 1A70     		strb	r2, [r3]
 162              	.L9:
  32:Core/Src/interrupt.c ****     }
  33:Core/Src/interrupt.c **** }
 163              		.loc 1 33 1 view .LVU34
 164 0026 7047     		bx	lr
 165              	.L12:
 166              		.align	2
 167              	.L11:
 168 0028 003C0140 		.word	1073822720
 169 002c 00000000 		.word	TickDelayCount
 170 0030 00000000 		.word	BtnNum
 171              		.cfi_endproc
 172              	.LFE132:
 174              		.section	.text.TIM3_IRQHandler,"ax",%progbits
 175              		.align	1
 176              		.global	TIM3_IRQHandler
 177              		.syntax unified
 178              		.thumb
 179              		.thumb_func
 181              	TIM3_IRQHandler:
 182              	.LFB133:
  34:Core/Src/interrupt.c **** 
  35:Core/Src/interrupt.c **** 
  36:Core/Src/interrupt.c **** void TIM3_IRQHandler(void){
 183              		.loc 1 36 27 is_stmt 1 view -0
 184              		.cfi_startproc
 185              		@ args = 0, pretend = 0, frame = 0
 186              		@ frame_needed = 0, uses_anonymous_args = 0
 187              		@ link register save eliminated.
  37:Core/Src/interrupt.c ****     if (READ_BIT(TIM3->SR, TIM_SR_CC1IF)){
 188              		.loc 1 37 5 view .LVU36
 189              		.loc 1 37 9 is_stmt 0 view .LVU37
 190 0000 074B     		ldr	r3, .L15
 191 0002 1B69     		ldr	r3, [r3, #16]
 192              		.loc 1 37 8 view .LVU38
 193 0004 13F0020F 		tst	r3, #2
 194 0008 04D0     		beq	.L14
  38:Core/Src/interrupt.c ****         CLEAR_BIT(TIM3->SR, TIM_SR_CC1IF);
 195              		.loc 1 38 9 is_stmt 1 view .LVU39
 196 000a 054A     		ldr	r2, .L15
 197 000c 1369     		ldr	r3, [r2, #16]
ARM GAS  C:\Users\Asus\AppData\Local\Temp\ccFqQ1Ef.s 			page 5


 198 000e 23F00203 		bic	r3, r3, #2
 199 0012 1361     		str	r3, [r2, #16]
 200              	.L14:
  39:Core/Src/interrupt.c ****     }
  40:Core/Src/interrupt.c ****     TIMCount++;
 201              		.loc 1 40 5 view .LVU40
 202              		.loc 1 40 13 is_stmt 0 view .LVU41
 203 0014 034A     		ldr	r2, .L15+4
 204 0016 1378     		ldrb	r3, [r2]	@ zero_extendqisi2
 205 0018 0133     		adds	r3, r3, #1
 206 001a 1370     		strb	r3, [r2]
  41:Core/Src/interrupt.c **** }...
 207              		.loc 1 41 1 view .LVU42
 208 001c 7047     		bx	lr
 209              	.L16:
 210 001e 00BF     		.align	2
 211              	.L15:
 212 0020 00040040 		.word	1073742848
 213 0024 00000000 		.word	TIMCount
 214              		.cfi_endproc
 215              	.LFE133:
 217              		.global	FLAG_Delay
 218              		.section	.bss.FLAG_Delay,"aw",%nobits
 221              	FLAG_Delay:
 222 0000 00       		.space	1
 223              		.global	test2
 224              		.section	.bss.test2,"aw",%nobits
 225              		.align	1
 228              	test2:
 229 0000 0000     		.space	2
 230              		.global	TickDelayCount
 231              		.section	.bss.TickDelayCount,"aw",%nobits
 232              		.align	1
 235              	TickDelayCount:
 236 0000 0000     		.space	2
 237              		.text
 238              	.Letext0:
 239              		.file 2 "C:/Users/Asus/scoop/apps/gcc-arm-none-eabi/current/arm-none-eabi/include/machine/_default
 240              		.file 3 "C:/Users/Asus/scoop/apps/gcc-arm-none-eabi/current/arm-none-eabi/include/sys/_stdint.h"
 241              		.file 4 "D:/Holography/CMSIS/Devices/stm32f429xx.h"
 242              		.file 5 "Core/Inc/interrupt.h"
ARM GAS  C:\Users\Asus\AppData\Local\Temp\ccFqQ1Ef.s 			page 6


DEFINED SYMBOLS
                            *ABS*:00000000 interrupt.c
C:\Users\Asus\AppData\Local\Temp\ccFqQ1Ef.s:21     .text.SysTick_Handler:00000000 $t
C:\Users\Asus\AppData\Local\Temp\ccFqQ1Ef.s:27     .text.SysTick_Handler:00000000 SysTick_Handler
C:\Users\Asus\AppData\Local\Temp\ccFqQ1Ef.s:65     .text.SysTick_Handler:00000020 $d
C:\Users\Asus\AppData\Local\Temp\ccFqQ1Ef.s:221    .bss.FLAG_Delay:00000000 FLAG_Delay
C:\Users\Asus\AppData\Local\Temp\ccFqQ1Ef.s:235    .bss.TickDelayCount:00000000 TickDelayCount
C:\Users\Asus\AppData\Local\Temp\ccFqQ1Ef.s:228    .bss.test2:00000000 test2
C:\Users\Asus\AppData\Local\Temp\ccFqQ1Ef.s:74     .text.delay:00000000 $t
C:\Users\Asus\AppData\Local\Temp\ccFqQ1Ef.s:80     .text.delay:00000000 delay
C:\Users\Asus\AppData\Local\Temp\ccFqQ1Ef.s:115    .text.delay:0000001c $d
C:\Users\Asus\AppData\Local\Temp\ccFqQ1Ef.s:121    .text.EXTI15_10_IRQHandler:00000000 $t
C:\Users\Asus\AppData\Local\Temp\ccFqQ1Ef.s:127    .text.EXTI15_10_IRQHandler:00000000 EXTI15_10_IRQHandler
C:\Users\Asus\AppData\Local\Temp\ccFqQ1Ef.s:168    .text.EXTI15_10_IRQHandler:00000028 $d
C:\Users\Asus\AppData\Local\Temp\ccFqQ1Ef.s:175    .text.TIM3_IRQHandler:00000000 $t
C:\Users\Asus\AppData\Local\Temp\ccFqQ1Ef.s:181    .text.TIM3_IRQHandler:00000000 TIM3_IRQHandler
C:\Users\Asus\AppData\Local\Temp\ccFqQ1Ef.s:212    .text.TIM3_IRQHandler:00000020 $d
C:\Users\Asus\AppData\Local\Temp\ccFqQ1Ef.s:222    .bss.FLAG_Delay:00000000 $d
C:\Users\Asus\AppData\Local\Temp\ccFqQ1Ef.s:225    .bss.test2:00000000 $d
C:\Users\Asus\AppData\Local\Temp\ccFqQ1Ef.s:232    .bss.TickDelayCount:00000000 $d

UNDEFINED SYMBOLS
GlobalTickCount
BtnNum
TIMCount
