ARM GAS  C:\Users\Asus\AppData\Local\Temp\cc5SiiPC.s 			page 1


   1              		.cpu cortex-m4
   2              		.arch armv7e-m
   3              		.fpu fpv4-sp-d16
   4              		.eabi_attribute 27, 1
   5              		.eabi_attribute 28, 1
   6              		.eabi_attribute 20, 1
   7              		.eabi_attribute 21, 1
   8              		.eabi_attribute 23, 3
   9              		.eabi_attribute 24, 1
  10              		.eabi_attribute 25, 1
  11              		.eabi_attribute 26, 1
  12              		.eabi_attribute 30, 1
  13              		.eabi_attribute 34, 1
  14              		.eabi_attribute 18, 4
  15              		.file	"main.c"
  16              		.text
  17              	.Ltext0:
  18              		.cfi_sections	.debug_frame
  19              		.file 1 "Core/Src/main.c"
  20              		.section	.text.main,"ax",%progbits
  21              		.align	1
  22              		.global	main
  23              		.syntax unified
  24              		.thumb
  25              		.thumb_func
  27              	main:
  28              	.LFB130:
   1:Core/Src/main.c **** #include "../Inc/init.h"
   2:Core/Src/main.c **** #include "../Inc/interrupt.h"
   3:Core/Src/main.c **** #include <motot_driver.h>
   4:Core/Src/main.c **** 
   5:Core/Src/main.c **** uint8_t BtnNum, TIMCount;
   6:Core/Src/main.c **** uint16_t GlobalTickCount;
   7:Core/Src/main.c **** 
   8:Core/Src/main.c **** float speed = 60, softStart;
   9:Core/Src/main.c **** int test;
  10:Core/Src/main.c **** 
  11:Core/Src/main.c **** int main(void)
  12:Core/Src/main.c **** {
  29              		.loc 1 12 1 view -0
  30              		.cfi_startproc
  31              		@ Volatile: function does not return.
  32              		@ args = 0, pretend = 0, frame = 0
  33              		@ frame_needed = 0, uses_anonymous_args = 0
  34 0000 08B5     		push	{r3, lr}
  35              	.LCFI0:
  36              		.cfi_def_cfa_offset 8
  37              		.cfi_offset 3, -8
  38              		.cfi_offset 14, -4
  13:Core/Src/main.c ****     SysTick_Init();
  39              		.loc 1 13 5 view .LVU1
  40 0002 FFF7FEFF 		bl	SysTick_Init
  41              	.LVL0:
  14:Core/Src/main.c ****     RCC_Init();
  42              		.loc 1 14 5 view .LVU2
  43 0006 FFF7FEFF 		bl	RCC_Init
  44              	.LVL1:
ARM GAS  C:\Users\Asus\AppData\Local\Temp\cc5SiiPC.s 			page 2


  15:Core/Src/main.c ****     GPIO_Init();
  45              		.loc 1 15 5 view .LVU3
  46 000a FFF7FEFF 		bl	GPIO_Init
  47              	.LVL2:
  16:Core/Src/main.c ****     ITR_init();
  48              		.loc 1 16 5 view .LVU4
  49 000e FFF7FEFF 		bl	ITR_init
  50              	.LVL3:
  17:Core/Src/main.c ****     TIM_Init();
  51              		.loc 1 17 5 view .LVU5
  52 0012 FFF7FEFF 		bl	TIM_Init
  53              	.LVL4:
  18:Core/Src/main.c ****     SystemInit();
  54              		.loc 1 18 5 view .LVU6
  55 0016 FFF7FEFF 		bl	SystemInit
  56              	.LVL5:
  57              	.L2:
  19:Core/Src/main.c **** 
  20:Core/Src/main.c ****     while (1)
  58              		.loc 1 20 5 view .LVU7
  21:Core/Src/main.c ****     {
  22:Core/Src/main.c ****         // delay(1000);
  23:Core/Src/main.c ****         // SET_BIT(GPIOB->BSRR, GPIO_BSRR_BS7);
  24:Core/Src/main.c ****         // delay(1000);
  25:Core/Src/main.c ****         // SET_BIT(GPIOB->BSRR, GPIO_BSRR_BR7);
  26:Core/Src/main.c ****         // test++;
  27:Core/Src/main.c ****         
  28:Core/Src/main.c ****         // test = Set_Speed(speed * 2);
  29:Core/Src/main.c ****         Soft_Start(speed * 2);
  59              		.loc 1 29 9 discriminator 1 view .LVU8
  60              		.loc 1 29 26 is_stmt 0 discriminator 1 view .LVU9
  61 001a 064B     		ldr	r3, .L4
  62 001c D3ED007A 		vldr.32	s15, [r3]
  63 0020 77EEA77A 		vadd.f32	s15, s15, s15
  64              		.loc 1 29 9 discriminator 1 view .LVU10
  65 0024 FDEEE77A 		vcvt.s32.f32	s15, s15
  66 0028 17EE900A 		vmov	r0, s15	@ int
  67 002c FFF7FEFF 		bl	Soft_Start
  68              	.LVL6:
  20:Core/Src/main.c ****     {
  69              		.loc 1 20 11 is_stmt 1 view .LVU11
  70 0030 F3E7     		b	.L2
  71              	.L5:
  72 0032 00BF     		.align	2
  73              	.L4:
  74 0034 00000000 		.word	speed
  75              		.cfi_endproc
  76              	.LFE130:
  78              		.global	test
  79              		.section	.bss.test,"aw",%nobits
  80              		.align	2
  83              	test:
  84 0000 00000000 		.space	4
  85              		.global	softStart
  86              		.section	.bss.softStart,"aw",%nobits
  87              		.align	2
  90              	softStart:
ARM GAS  C:\Users\Asus\AppData\Local\Temp\cc5SiiPC.s 			page 3


  91 0000 00000000 		.space	4
  92              		.global	speed
  93              		.section	.data.speed,"aw"
  94              		.align	2
  97              	speed:
  98 0000 00007042 		.word	1114636288
  99              		.global	GlobalTickCount
 100              		.section	.bss.GlobalTickCount,"aw",%nobits
 101              		.align	1
 104              	GlobalTickCount:
 105 0000 0000     		.space	2
 106              		.global	TIMCount
 107              		.section	.bss.TIMCount,"aw",%nobits
 110              	TIMCount:
 111 0000 00       		.space	1
 112              		.global	BtnNum
 113              		.section	.bss.BtnNum,"aw",%nobits
 116              	BtnNum:
 117 0000 00       		.space	1
 118              		.text
 119              	.Letext0:
 120              		.file 2 "C:/Users/Asus/scoop/apps/gcc-arm-none-eabi/current/arm-none-eabi/include/machine/_default
 121              		.file 3 "C:/Users/Asus/scoop/apps/gcc-arm-none-eabi/current/arm-none-eabi/include/sys/_stdint.h"
 122              		.file 4 "Core/Src/../Inc/interrupt.h"
 123              		.file 5 "D:/Holography/CMSIS/Devices/system_stm32f4xx.h"
 124              		.file 6 "Core/Inc/init.h"
 125              		.file 7 "Core/Inc/motot_driver.h"
ARM GAS  C:\Users\Asus\AppData\Local\Temp\cc5SiiPC.s 			page 4


DEFINED SYMBOLS
                            *ABS*:00000000 main.c
C:\Users\Asus\AppData\Local\Temp\cc5SiiPC.s:21     .text.main:00000000 $t
C:\Users\Asus\AppData\Local\Temp\cc5SiiPC.s:27     .text.main:00000000 main
C:\Users\Asus\AppData\Local\Temp\cc5SiiPC.s:74     .text.main:00000034 $d
C:\Users\Asus\AppData\Local\Temp\cc5SiiPC.s:97     .data.speed:00000000 speed
C:\Users\Asus\AppData\Local\Temp\cc5SiiPC.s:83     .bss.test:00000000 test
C:\Users\Asus\AppData\Local\Temp\cc5SiiPC.s:80     .bss.test:00000000 $d
C:\Users\Asus\AppData\Local\Temp\cc5SiiPC.s:90     .bss.softStart:00000000 softStart
C:\Users\Asus\AppData\Local\Temp\cc5SiiPC.s:87     .bss.softStart:00000000 $d
C:\Users\Asus\AppData\Local\Temp\cc5SiiPC.s:94     .data.speed:00000000 $d
C:\Users\Asus\AppData\Local\Temp\cc5SiiPC.s:104    .bss.GlobalTickCount:00000000 GlobalTickCount
C:\Users\Asus\AppData\Local\Temp\cc5SiiPC.s:101    .bss.GlobalTickCount:00000000 $d
C:\Users\Asus\AppData\Local\Temp\cc5SiiPC.s:110    .bss.TIMCount:00000000 TIMCount
C:\Users\Asus\AppData\Local\Temp\cc5SiiPC.s:111    .bss.TIMCount:00000000 $d
C:\Users\Asus\AppData\Local\Temp\cc5SiiPC.s:116    .bss.BtnNum:00000000 BtnNum
C:\Users\Asus\AppData\Local\Temp\cc5SiiPC.s:117    .bss.BtnNum:00000000 $d

UNDEFINED SYMBOLS
SysTick_Init
RCC_Init
GPIO_Init
ITR_init
TIM_Init
SystemInit
Soft_Start
